2025-11-22T17:33:44.067-05:00  INFO 17624 --- [springboot-sistemahoteles] [restartedMain] f.a.AutowiredAnnotationBeanPostProcessor : Autowired annotation should only be used on methods with parameters: public java.lang.String com.springboot.sistema.hoteles.springboot_sistemahoteles.UsuariosAController.page()
2025-11-22T17:33:44.140-05:00  WARN 17624 --- [springboot-sistemahoteles] [restartedMain] JpaBaseConfiguration$JpaWebConfiguration : spring.jpa.open-in-view is enabled by default. Therefore, database queries may be performed during view rendering. Explicitly configure spring.jpa.open-in-view to disable this warning
2025-11-22T17:33:44.178-05:00  INFO 17624 --- [springboot-sistemahoteles] [restartedMain] o.s.b.a.w.s.WelcomePageHandlerMapping    : Adding welcome page: class path resource [static/index.html]
2025-11-22T17:33:45.506-05:00  INFO 17624 --- [springboot-sistemahoteles] [restartedMain] o.s.b.d.a.OptionalLiveReloadServer       : LiveReload server is running on port 35729
2025-11-22T17:33:45.519-05:00  INFO 17624 --- [springboot-sistemahoteles] [restartedMain] o.s.b.a.e.web.EndpointLinksResolver      : Exposing 1 endpoint beneath base path '/actuator'
2025-11-22T17:33:45.737-05:00  INFO 17624 --- [springboot-sistemahoteles] [restartedMain] o.s.b.w.embedded.tomcat.TomcatWebServer  : Tomcat started on port 8081 (http) with context path '/'
2025-11-22T17:33:45.762-05:00  INFO 17624 --- [springboot-sistemahoteles] [restartedMain] .s.s.h.s.IntegradorspringbootApplication : Started IntegradorspringbootApplication in 12.254 seconds (process running for 13.107)
2025-11-22T17:33:45.822-05:00  INFO 17624 --- [springboot-sistemahoteles] [RMI TCP Connection(2)-127.0.0.1] o.a.c.c.C.[Tomcat].[localhost].[/]       : Initializing Spring DispatcherServlet 'dispatcherServlet'
2025-11-22T17:33:45.823-05:00  INFO 17624 --- [springboot-sistemahoteles] [RMI TCP Connection(2)-127.0.0.1] o.s.web.servlet.DispatcherServlet        : Initializing Servlet 'dispatcherServlet'
2025-11-22T17:33:45.825-05:00  INFO 17624 --- [springboot-sistemahoteles] [RMI TCP Connection(2)-127.0.0.1] o.s.web.servlet.DispatcherServlet        : Completed initialization in 2 ms
2025-11-22T17:34:44.197-05:00  INFO 14952 --- [springboot-sistemahoteles] [restartedMain] .s.s.h.s.IntegradorspringbootApplication : Starting IntegradorspringbootApplication using Java 21.0.9 with PID 14952 (D:\sergi\Documents\sistema_hoteles_integrador\target\classes started by sergi in D:\sergi\Documents\sistema_hoteles_integrador)
2025-11-22T17:34:44.201-05:00  INFO 14952 --- [springboot-sistemahoteles] [restartedMain] .s.s.h.s.IntegradorspringbootApplication : No active profile set, falling back to 1 default profile: "default"
2025-11-22T17:34:44.485-05:00  INFO 14952 --- [springboot-sistemahoteles] [restartedMain] .e.DevToolsPropertyDefaultsPostProcessor : Devtools property defaults active! Set 'spring.devtools.add-properties' to 'false' to disable
2025-11-22T17:34:44.486-05:00  INFO 14952 --- [springboot-sistemahoteles] [restartedMain] .e.DevToolsPropertyDefaultsPostProcessor : For additional web related logging consider setting the 'logging.level.web' property to 'DEBUG'
2025-11-22T17:34:45.814-05:00  INFO 14952 --- [springboot-sistemahoteles] [restartedMain] .s.d.r.c.RepositoryConfigurationDelegate : Bootstrapping Spring Data JPA repositories in DEFAULT mode.
2025-11-22T17:34:45.894-05:00  INFO 14952 --- [springboot-sistemahoteles] [restartedMain] .s.d.r.c.RepositoryConfigurationDelegate : Finished Spring Data repository scanning in 69 ms. Found 7 JPA repository interfaces.
2025-11-22T17:34:46.620-05:00  INFO 14952 --- [springboot-sistemahoteles] [restartedMain] o.s.b.w.embedded.tomcat.TomcatWebServer  : Tomcat initialized with port 8081 (http)
2025-11-22T17:34:46.637-05:00  INFO 14952 --- [springboot-sistemahoteles] [restartedMain] o.apache.catalina.core.StandardService   : Starting service [Tomcat]
2025-11-22T17:34:46.638-05:00  INFO 14952 --- [springboot-sistemahoteles] [restartedMain] o.apache.catalina.core.StandardEngine    : Starting Servlet engine: [Apache Tomcat/10.1.46]
2025-11-22T17:34:46.710-05:00  INFO 14952 --- [springboot-sistemahoteles] [restartedMain] o.a.c.c.C.[Tomcat].[localhost].[/]       : Initializing Spring embedded WebApplicationContext
2025-11-22T17:34:46.711-05:00  INFO 14952 --- [springboot-sistemahoteles] [restartedMain] w.s.c.ServletWebServerApplicationContext : Root WebApplicationContext: initialization completed in 2224 ms
2025-11-22T17:34:47.165-05:00  INFO 14952 --- [springboot-sistemahoteles] [restartedMain] o.hibernate.jpa.internal.util.LogHelper  : HHH000204: Processing PersistenceUnitInfo [name: default]
2025-11-22T17:34:47.235-05:00  INFO 14952 --- [springboot-sistemahoteles] [restartedMain] org.hibernate.Version                    : HHH000412: Hibernate ORM core version 6.6.29.Final
2025-11-22T17:34:47.310-05:00  INFO 14952 --- [springboot-sistemahoteles] [restartedMain] o.h.c.internal.RegionFactoryInitiator    : HHH000026: Second-level cache disabled
2025-11-22T17:34:47.766-05:00  INFO 14952 --- [springboot-sistemahoteles] [restartedMain] o.s.o.j.p.SpringPersistenceUnitInfo      : No LoadTimeWeaver setup: ignoring JPA class transformer
2025-11-22T17:34:47.827-05:00  INFO 14952 --- [springboot-sistemahoteles] [restartedMain] com.zaxxer.hikari.HikariDataSource       : HikariPool-1 - Starting...
2025-11-22T17:34:49.330-05:00  INFO 14952 --- [springboot-sistemahoteles] [restartedMain] com.zaxxer.hikari.pool.HikariPool        : HikariPool-1 - Added connection com.mysql.cj.jdbc.ConnectionImpl@5701586
2025-11-22T17:34:49.332-05:00  INFO 14952 --- [springboot-sistemahoteles] [restartedMain] com.zaxxer.hikari.HikariDataSource       : HikariPool-1 - Start completed.
2025-11-22T17:34:49.657-05:00  INFO 14952 --- [springboot-sistemahoteles] [restartedMain] org.hibernate.orm.connections.pooling    : HHH10001005: Database info:
	Database JDBC URL [Connecting through datasource 'HikariDataSource (HikariPool-1)']
	Database driver: undefined/unknown
	Database version: 8.4.6
	Autocommit mode: undefined/unknown
	Isolation level: undefined/unknown
	Minimum pool size: undefined/unknown
	Maximum pool size: undefined/unknown
2025-11-22T17:34:50.546-05:00  INFO 14952 --- [springboot-sistemahoteles] [restartedMain] o.h.e.t.j.p.i.JtaPlatformInitiator       : HHH000489: No JTA platform available (set 'hibernate.transaction.jta.platform' to enable JTA platform integration)
2025-11-22T17:34:51.095-05:00  INFO 14952 --- [springboot-sistemahoteles] [restartedMain] j.LocalContainerEntityManagerFactoryBean : Initialized JPA EntityManagerFactory for persistence unit 'default'
2025-11-22T17:34:51.102-05:00  INFO 14952 --- [springboot-sistemahoteles] [restartedMain] f.a.AutowiredAnnotationBeanPostProcessor : Autowired annotation should only be used on methods with parameters: public java.lang.String com.springboot.sistema.hoteles.springboot_sistemahoteles.AlumnosController.page()
2025-11-22T17:34:51.736-05:00  INFO 14952 --- [springboot-sistemahoteles] [restartedMain] o.s.d.j.r.query.QueryEnhancerFactory     : Hibernate is in classpath; If applicable, HQL parser will be used.
2025-11-22T17:34:53.398-05:00  INFO 14952 --- [springboot-sistemahoteles] [restartedMain] f.a.AutowiredAnnotationBeanPostProcessor : Autowired annotation should only be used on methods with parameters: public java.lang.String com.springboot.sistema.hoteles.springboot_sistemahoteles.HabitacionesController.page()
2025-11-22T17:34:53.400-05:00  INFO 14952 --- [springboot-sistemahoteles] [restartedMain] f.a.AutowiredAnnotationBeanPostProcessor : Autowired annotation should only be used on methods with parameters: public java.lang.String com.springboot.sistema.hoteles.springboot_sistemahoteles.HomeController.page()
2025-11-22T17:34:53.403-05:00  INFO 14952 --- [springboot-sistemahoteles] [restartedMain] f.a.AutowiredAnnotationBeanPostProcessor : Autowired annotation should only be used on methods with parameters: public java.lang.String com.springboot.sistema.hoteles.springboot_sistemahoteles.proceso_pagosController.page()
2025-11-22T17:34:53.406-05:00  INFO 14952 --- [springboot-sistemahoteles] [restartedMain] f.a.AutowiredAnnotationBeanPostProcessor : Autowired annotation should only be used on methods with parameters: public java.lang.String com.springboot.sistema.hoteles.springboot_sistemahoteles.reservaexitosaController.page()
2025-11-22T17:34:53.407-05:00  INFO 14952 --- [springboot-sistemahoteles] [restartedMain] f.a.AutowiredAnnotationBeanPostProcessor : Autowired annotation should only be used on methods with parameters: public java.lang.String com.springboot.sistema.hoteles.springboot_sistemahoteles.ReservasController.page()
2025-11-22T17:34:53.409-05:00  INFO 14952 --- [springboot-sistemahoteles] [restartedMain] f.a.AutowiredAnnotationBeanPostProcessor : Autowired annotation should only be used on methods with parameters: public java.lang.String com.springboot.sistema.hoteles.springboot_sistemahoteles.reservas_usuarioController.page()
2025-11-22T17:34:53.410-05:00  INFO 14952 --- [springboot-sistemahoteles] [restartedMain] f.a.AutowiredAnnotationBeanPostProcessor : Autowired annotation should only be used on methods with parameters: public java.lang.String com.springboot.sistema.hoteles.springboot_sistemahoteles.RolesController.page()
2025-11-22T17:34:53.428-05:00  INFO 14952 --- [springboot-sistemahoteles] [restartedMain] f.a.AutowiredAnnotationBeanPostProcessor : Autowired annotation should only be used on methods with parameters: public java.lang.String com.springboot.sistema.hoteles.springboot_sistemahoteles.UsuariosAController.page()
2025-11-22T17:34:53.503-05:00  WARN 14952 --- [springboot-sistemahoteles] [restartedMain] JpaBaseConfiguration$JpaWebConfiguration : spring.jpa.open-in-view is enabled by default. Therefore, database queries may be performed during view rendering. Explicitly configure spring.jpa.open-in-view to disable this warning
2025-11-22T17:34:53.540-05:00  INFO 14952 --- [springboot-sistemahoteles] [restartedMain] o.s.b.a.w.s.WelcomePageHandlerMapping    : Adding welcome page: class path resource [static/index.html]
2025-11-22T17:34:54.543-05:00  INFO 14952 --- [springboot-sistemahoteles] [restartedMain] o.s.b.d.a.OptionalLiveReloadServer       : LiveReload server is running on port 35729
2025-11-22T17:34:54.563-05:00  INFO 14952 --- [springboot-sistemahoteles] [restartedMain] o.s.b.a.e.web.EndpointLinksResolver      : Exposing 1 endpoint beneath base path '/actuator'
2025-11-22T17:34:54.681-05:00  INFO 14952 --- [springboot-sistemahoteles] [restartedMain] o.s.b.w.embedded.tomcat.TomcatWebServer  : Tomcat started on port 8081 (http) with context path '/'
2025-11-22T17:34:54.700-05:00  INFO 14952 --- [springboot-sistemahoteles] [restartedMain] .s.s.h.s.IntegradorspringbootApplication : Started IntegradorspringbootApplication in 11.04 seconds (process running for 11.853)
2025-11-22T17:34:55.788-05:00  INFO 14952 --- [springboot-sistemahoteles] [RMI TCP Connection(2)-127.0.0.1] o.a.c.c.C.[Tomcat].[localhost].[/]       : Initializing Spring DispatcherServlet 'dispatcherServlet'
2025-11-22T17:34:55.790-05:00  INFO 14952 --- [springboot-sistemahoteles] [RMI TCP Connection(2)-127.0.0.1] o.s.web.servlet.DispatcherServlet        : Initializing Servlet 'dispatcherServlet'
2025-11-22T17:34:55.794-05:00  INFO 14952 --- [springboot-sistemahoteles] [RMI TCP Connection(2)-127.0.0.1] o.s.web.servlet.DispatcherServlet        : Completed initialization in 3 ms
